[debug] [2023-05-11T00:28:39.256Z] ----------------------------------------------------------------------
[debug] [2023-05-11T00:28:39.257Z] Command:       /usr/local/bin/node /usr/local/bin/firebase init
[debug] [2023-05-11T00:28:39.258Z] CLI Version:   12.0.0
[debug] [2023-05-11T00:28:39.258Z] Platform:      darwin
[debug] [2023-05-11T00:28:39.258Z] Node Version:  v18.15.0
[debug] [2023-05-11T00:28:39.258Z] Time:          Thu May 11 2023 02:28:39 GMT+0200 (Central European Summer Time)
[debug] [2023-05-11T00:28:39.258Z] ----------------------------------------------------------------------
[debug] 
[debug] [2023-05-11T00:28:39.298Z] > command requires scopes: ["email","openid","https://www.googleapis.com/auth/cloudplatformprojects.readonly","https://www.googleapis.com/auth/firebase","https://www.googleapis.com/auth/cloud-platform"]
[debug] [2023-05-11T00:28:39.298Z] > authorizing via signed-in user (saiyakkshit2001@gmail.com)
[info] 
     ######## #### ########  ######## ########     ###     ######  ########
     ##        ##  ##     ## ##       ##     ##  ##   ##  ##       ##
     ######    ##  ########  ######   ########  #########  ######  ######
     ##        ##  ##    ##  ##       ##     ## ##     ##       ## ##
     ##       #### ##     ## ######## ########  ##     ##  ######  ########

You're about to initialize a Firebase project in this directory:

  /Users/yakkshit/Downloads/get-started-with-ar-web-complete

Before we get started, keep in mind:

  * You are initializing within an existing Firebase project directory

[info] 
=== Project Setup
[info] 
[info] First, let's associate this project directory with a Firebase project.
[info] You can create multiple project aliases by running firebase use --add, 
[info] but for now we'll just set up a default project.
[info] 
[debug] [2023-05-11T00:28:58.614Z] Using project from CLI flag: webarvsar
[debug] [2023-05-11T00:28:58.617Z] >>> [apiv2][query] GET https://firebase.googleapis.com/v1beta1/projects/webarvsar [none]
[debug] [2023-05-11T00:28:59.064Z] <<< [apiv2][status] GET https://firebase.googleapis.com/v1beta1/projects/webarvsar 200
[debug] [2023-05-11T00:28:59.064Z] <<< [apiv2][body] GET https://firebase.googleapis.com/v1beta1/projects/webarvsar {"projectId":"webarvsar","projectNumber":"329252786830","displayName":"webarvsar","name":"projects/webarvsar","resources":{"hostingSite":"webarvsar","realtimeDatabaseInstance":"webarvsar-default-rtdb","storageBucket":"webarvsar.appspot.com","locationId":"us-central"},"state":"ACTIVE","etag":"1_e841c398-5e33-4844-9fdb-b9f902ff3fc0"}
[info] i  Using project webarvsar (webarvsar) 
[info] 
=== Hosting Setup
[info] 
[info] Your public directory is the folder (relative to your project directory) that
[info] will contain Hosting assets to be uploaded with firebase deploy. If you
[info] have a build process for your assets, use your build's output directory.
[info] 
